#
# A fatal error has been detected by the Java Runtime Environment:
#
#  EXCEPTION_ACCESS_VIOLATION (0xc0000005) at pc=0x0000000000000000, pid=11856, tid=0x0000000000001b8c
#
# JRE version: OpenJDK Runtime Environment (8.0_262-b10) (build 1.8.0_262-b10)
# Java VM: OpenJDK 64-Bit Server VM (25.262-b10 mixed mode windows-amd64 compressed oops)
# Problematic frame:
# C  0x0000000000000000
#
# Failed to write core dump. Minidumps are not enabled by default on client versions of Windows
#
# If you would like to submit a bug report, please visit:
#   http://bugreport.java.com/bugreport/crash.jsp
#

---------------  T H R E A D  ---------------

Current thread (0x00000000030b5000):  GCTaskThread [stack: 0x0000000012e10000,0x0000000012f10000] [id=7052]

siginfo: ExceptionCode=0xc0000005, ExceptionInformation=0x0000000000000008 0x0000000000000000

Registers:
RAX=0x0000000100000ea8, RBX=0x00000000ea786d08, RCX=0x0000000100458828, RDX=0x00000000ea786d08
RSP=0x0000000012f0f638, RBP=0x00000000ea786cf0, RSI=0x000000000318d470, RDI=0x000000000318d470
R8 =0x0000000100458828, R9 =0x0000000000000000, R10=0x000000000000000c, R11=0x000000006276b118
R12=0x00000000ea786d04, R13=0x00000001000a9c90, R14=0x00000001000a9c98, R15=0x00000000ea786ce0
RIP=0x0000000000000000, EFLAGS=0x0000000000010246

Top of Stack: (sp=0x0000000012f0f638)
0x0000000012f0f638:   000000006228dec4 00000001000a9a78
0x0000000012f0f648:   00000000ea766814 0000000000000005
0x0000000012f0f658:   00000000623975b2 0000000000000000
0x0000000012f0f668:   00000000030b5380 00000000030b3ad0
0x0000000012f0f678:   0000000000000007 000000000001ee23
0x0000000012f0f688:   0000000062565150 0000000016660158
0x0000000012f0f698:   0000000000000000 000000000318d470
0x0000000012f0f6a8:   00000000627b89e8 00000000eb6bc538
0x0000000012f0f6b8:   000000000318d470 00000000ea974610
0x0000000012f0f6c8:   0000000000000004 00000000eb6bc538
0x0000000012f0f6d8:   00000000622b3ea1 0000000014ecd930
0x0000000012f0f6e8:   000366bb0000061f 00000000030b5000
0x0000000012f0f6f8:   00000000030b3ad0 00000000030b5390
0x0000000012f0f708:   00000000030b5380 00000000627b89e8
0x0000000012f0f718:   0000000000000007 00000000210c81b0
0x0000000012f0f728:   0000000000000000 000000000318d470 

Instructions: (pc=0x0000000000000000)
0xffffffffffffffe0:   


Register to memory mapping:

RAX=0x0000000100000ea8 is pointing into metadata
RBX=
[error occurred during error reporting (printing register info), id 0xc0000005]

Stack: [0x0000000012e10000,0x0000000012f10000],  sp=0x0000000012f0f638,  free space=1021k
Native frames: (J=compiled Java code, j=interpreted, Vv=VM code, C=native code)


---------------  P R O C E S S  ---------------

Java Threads: ( => current thread )
  0x0000000027d89800 JavaThread "ForkJoinPool.commonPool-worker-8" daemon [_thread_blocked, id=14452, stack(0x000000003d040000,0x000000003d140000)]
  0x0000000027d90800 JavaThread "ForkJoinPool.commonPool-worker-6" daemon [_thread_blocked, id=1428, stack(0x000000003c540000,0x000000003c640000)]
  0x0000000027d89000 JavaThread "ForkJoinPool.commonPool-worker-13" daemon [_thread_blocked, id=5976, stack(0x00000000311d0000,0x00000000312d0000)]
  0x00000000169fb000 JavaThread "ForkJoinPool.commonPool-worker-2" daemon [_thread_blocked, id=11204, stack(0x000000003d140000,0x000000003d240000)]
  0x000000002b98d000 JavaThread "ForkJoinPool.commonPool-worker-0" daemon [_thread_blocked, id=6064, stack(0x000000003cf40000,0x000000003d040000)]
  0x00000000195c8800 JavaThread "ForkJoinPool.commonPool-worker-10" daemon [_thread_blocked, id=14980, stack(0x000000003c940000,0x000000003ca40000)]
  0x000000001ba18000 JavaThread "WorkerExecutor Queue Thread 31" [_thread_blocked, id=14432, stack(0x0000000032ef0000,0x0000000032ff0000)]
  0x000000001ba14800 JavaThread "WorkerExecutor Queue Thread 30" [_thread_blocked, id=1236, stack(0x00000000324f0000,0x00000000325f0000)]
  0x000000001ba16800 JavaThread "WorkerExecutor Queue Thread 29" [_thread_blocked, id=10544, stack(0x00000000323f0000,0x00000000324f0000)]
  0x000000001ba1b000 JavaThread "WorkerExecutor Queue Thread 28" [_thread_blocked, id=14852, stack(0x00000000322f0000,0x00000000323f0000)]
  0x000000001ba16000 JavaThread "WorkerExecutor Queue Thread 27" [_thread_blocked, id=10604, stack(0x0000000032050000,0x0000000032150000)]
  0x000000001a9bc800 JavaThread "WorkerExecutor Queue Thread 26" [_thread_blocked, id=6816, stack(0x0000000031f50000,0x0000000032050000)]
  0x000000001a9be000 JavaThread "WorkerExecutor Queue Thread 25" [_thread_blocked, id=2272, stack(0x0000000031e50000,0x0000000031f50000)]
  0x000000001a9b5000 JavaThread "WorkerExecutor Queue Thread 24" [_thread_blocked, id=11240, stack(0x0000000031d50000,0x0000000031e50000)]
  0x0000000028e3d800 JavaThread "WorkerExecutor Queue Thread 23" [_thread_blocked, id=5768, stack(0x0000000031c50000,0x0000000031d50000)]
  0x0000000028e43800 JavaThread "WorkerExecutor Queue Thread 22" [_thread_blocked, id=12180, stack(0x0000000031b50000,0x0000000031c50000)]
  0x0000000028e42000 JavaThread "WorkerExecutor Queue Thread 21" [_thread_blocked, id=8660, stack(0x00000000318f0000,0x00000000319f0000)]
  0x0000000028e41000 JavaThread "WorkerExecutor Queue Thread 20" [_thread_blocked, id=9728, stack(0x0000000031a50000,0x0000000031b50000)]
  0x0000000028e40800 JavaThread "WorkerExecutor Queue Thread 19" [_thread_blocked, id=3212, stack(0x00000000317f0000,0x00000000318f0000)]
  0x0000000028e39000 JavaThread "WorkerExecutor Queue Thread 18" [_thread_blocked, id=15060, stack(0x00000000316f0000,0x00000000317f0000)]
  0x0000000028c84800 JavaThread "WorkerExecutor Queue Thread 17" [_thread_blocked, id=14464, stack(0x00000000340d0000,0x00000000341d0000)]
  0x000000001a9c1000 JavaThread "WorkerExecutor Queue Thread 16" [_thread_blocked, id=10008, stack(0x00000000325f0000,0x00000000326f0000)]
  0x000000001a9c3800 JavaThread "Cache worker for Java compile cache (C:\Users\Hao\Documents\GitHub\vov_media_app\android\.gradle\6.2\javaCompile)" [_thread_blocked, id=13460, stack(0x00000000321f0000,0x00000000322f0000)]
  0x000000001dd63800 JavaThread "Cache worker for execution history cache (C:\Users\Hao\Documents\GitHub\vov_media_app\android\.gradle\6.2\executionHistory)" [_thread_blocked, id=4592, stack(0x0000000030ed0000,0x0000000030fd0000)]
  0x000000001a6bf000 JavaThread "Execution worker for ':' Thread 15" [_thread_blocked, id=14580, stack(0x0000000030bd0000,0x0000000030cd0000)]
  0x000000001a6be800 JavaThread "Execution worker for ':' Thread 14" [_thread_blocked, id=2476, stack(0x0000000030690000,0x0000000030790000)]
  0x000000001a6bd000 JavaThread "Execution worker for ':' Thread 13" [_thread_blocked, id=7440, stack(0x0000000030590000,0x0000000030690000)]
  0x000000001a6bc000 JavaThread "Execution worker for ':' Thread 12" [_thread_blocked, id=13324, stack(0x0000000030490000,0x0000000030590000)]
  0x000000001a6c3000 JavaThread "Execution worker for ':' Thread 11" [_thread_blocked, id=12212, stack(0x0000000030390000,0x0000000030490000)]
  0x000000001a6c0800 JavaThread "Execution worker for ':' Thread 10" [_thread_blocked, id=13040, stack(0x0000000030290000,0x0000000030390000)]
  0x000000001a6bb800 JavaThread "Execution worker for ':' Thread 9" [_thread_blocked, id=12284, stack(0x000000002f140000,0x000000002f240000)]
  0x000000001a6bd800 JavaThread "Execution worker for ':' Thread 8" [_thread_blocked, id=6648, stack(0x000000002f040000,0x000000002f140000)]
  0x000000001a6c0000 JavaThread "Execution worker for ':' Thread 7" [_thread_blocked, id=3008, stack(0x000000002ef40000,0x000000002f040000)]
  0x000000001a6c2000 JavaThread "Execution worker for ':' Thread 6" [_thread_blocked, id=10648, stack(0x000000002ee40000,0x000000002ef40000)]
  0x000000001a6c1800 JavaThread "Execution worker for ':' Thread 5" [_thread_blocked, id=15132, stack(0x000000002ed40000,0x000000002ee40000)]
  0x000000001a6b4000 JavaThread "Execution worker for ':' Thread 4" [_thread_blocked, id=5568, stack(0x000000002ec40000,0x000000002ed40000)]
  0x000000001a6ba800 JavaThread "Execution worker for ':' Thread 3" [_thread_blocked, id=7416, stack(0x000000002eb40000,0x000000002ec40000)]
  0x000000001a6ba000 JavaThread "Execution worker for ':' Thread 2" [_thread_blocked, id=14716, stack(0x000000002ea40000,0x000000002eb40000)]
  0x000000001a6b8800 JavaThread "Execution worker for ':'" [_thread_blocked, id=11136, stack(0x000000002e940000,0x000000002ea40000)]
  0x000000001a6b1000 JavaThread "Cache worker for file content cache (C:\Users\Hao\Documents\GitHub\vov_media_app\android\.gradle\6.2\fileContent)" [_thread_blocked, id=6960, stack(0x000000002c290000,0x000000002c390000)]
  0x000000001a6b1800 JavaThread "Cache worker for Build Output Cleanup Cache (C:\Users\Hao\Documents\GitHub\vov_media_app\android\.gradle\buildOutputCleanup)" [_thread_blocked, id=15324, stack(0x000000002afc0000,0x000000002b0c0000)]
  0x000000001a6b7000 JavaThread "Build operations Thread 16" [_thread_blocked, id=13436, stack(0x000000002aac0000,0x000000002abc0000)]
  0x000000001a6b5800 JavaThread "Build operations Thread 15" [_thread_blocked, id=2776, stack(0x0000000026a50000,0x0000000026b50000)]
  0x000000001a6b3000 JavaThread "Build operations Thread 14" [_thread_blocked, id=14724, stack(0x00000000259e0000,0x0000000025ae0000)]
  0x000000001a6b2800 JavaThread "Build operations Thread 13" [_thread_blocked, id=10160, stack(0x00000000256e0000,0x00000000257e0000)]
  0x000000001a6a8800 JavaThread "Build operations Thread 12" [_thread_blocked, id=14788, stack(0x00000000255e0000,0x00000000256e0000)]
  0x000000001a6ae800 JavaThread "Build operations Thread 11" [_thread_blocked, id=10636, stack(0x00000000252e0000,0x00000000253e0000)]
  0x000000001a6a7000 JavaThread "Build operations Thread 10" [_thread_blocked, id=12916, stack(0x00000000251e0000,0x00000000252e0000)]
  0x000000001a6ad000 JavaThread "Build operations Thread 9" [_thread_blocked, id=12316, stack(0x00000000250e0000,0x00000000251e0000)]
  0x000000001a6ac800 JavaThread "Build operations Thread 8" [_thread_blocked, id=9224, stack(0x0000000024fe0000,0x00000000250e0000)]
  0x000000001a6ae000 JavaThread "Build operations Thread 7" [_thread_blocked, id=13144, stack(0x0000000024ee0000,0x0000000024fe0000)]
  0x000000001a6ab800 JavaThread "Build operations Thread 6" [_thread_blocked, id=1956, stack(0x0000000024de0000,0x0000000024ee0000)]
  0x000000001a6a4000 JavaThread "Build operations Thread 5" [_thread_blocked, id=13172, stack(0x0000000024ce0000,0x0000000024de0000)]
  0x000000001a6a5800 JavaThread "Build operations Thread 4" [_thread_blocked, id=676, stack(0x00000000249e0000,0x0000000024ae0000)]
  0x000000001a6ab000 JavaThread "Build operations Thread 3" [_thread_blocked, id=4944, stack(0x00000000248e0000,0x00000000249e0000)]
  0x000000001a6aa000 JavaThread "Build operations Thread 2" [_thread_blocked, id=5924, stack(0x00000000247e0000,0x00000000248e0000)]
  0x000000001a6a5000 JavaThread "Build operations" [_thread_blocked, id=15304, stack(0x00000000240e0000,0x00000000241e0000)]
  0x000000001a6a6800 JavaThread "Cache worker for cache directory md-rule (C:\Users\Hao\.gradle\caches\6.2\md-rule)" [_thread_blocked, id=10964, stack(0x00000000229d0000,0x0000000022ad0000)]
  0x000000001a6a8000 JavaThread "Cache worker for cache directory md-supplier (C:\Users\Hao\.gradle\caches\6.2\md-supplier)" [_thread_blocked, id=9892, stack(0x00000000208f0000,0x00000000209f0000)]
  0x00000000287d9000 JavaThread "Cache worker for file hash cache (C:\Users\Hao\Documents\GitHub\vov_media_app\android\.gradle\6.2\fileHashes)" [_thread_blocked, id=1168, stack(0x000000001fcf0000,0x000000001fdf0000)]
  0x00000000287db000 JavaThread "Cache worker for checksums cache (C:\Users\Hao\Documents\GitHub\vov_media_app\android\.gradle\checksums)" [_thread_blocked, id=13884, stack(0x000000001f790000,0x000000001f890000)]
  0x00000000287df800 JavaThread "Thread-769" [_thread_blocked, id=5608, stack(0x000000001f690000,0x000000001f790000)]
  0x00000000287da800 JavaThread "Stdin handler" [_thread_blocked, id=10888, stack(0x000000001f590000,0x000000001f690000)]
  0x00000000287df000 JavaThread "Asynchronous log dispatcher for DefaultDaemonConnection: socket connection from /127.0.0.1:61681 to /127.0.0.1:62986" [_thread_blocked, id=7140, stack(0x000000001cdf0000,0x000000001cef0000)]
  0x00000000287de000 JavaThread "Cancel handler" [_thread_blocked, id=15076, stack(0x000000001c7f0000,0x000000001c8f0000)]
  0x00000000287dd800 JavaThread "Handler for socket connection from /127.0.0.1:61681 to /127.0.0.1:62986" [_thread_in_native, id=15196, stack(0x000000001c6f0000,0x000000001c7f0000)]
  0x0000000028c7b800 JavaThread "RMI Reaper" [_thread_blocked, id=10152, stack(0x0000000033400000,0x0000000033500000)]
  0x0000000028c81800 JavaThread "RMI TCP Accept-0" daemon [_thread_in_native, id=4068, stack(0x0000000033300000,0x0000000033400000)]
  0x0000000028c7a000 JavaThread "GC Daemon" daemon [_thread_blocked, id=2688, stack(0x0000000033200000,0x0000000033300000)]
  0x0000000027d98000 JavaThread "RMI Scheduler(0)" daemon [_thread_blocked, id=4612, stack(0x00000000312d0000,0x00000000313d0000)]
  0x0000000027d92800 JavaThread "Java2D Disposer" daemon [_thread_blocked, id=3176, stack(0x0000000032bf0000,0x0000000032cf0000)]
  0x00000000195bc800 JavaThread "Daemon worker Thread 12" [_thread_blocked, id=6612, stack(0x000000001caf0000,0x000000001cbf0000)]
  0x00000000195bd800 JavaThread "Daemon Thread 12" [_thread_blocked, id=15168, stack(0x000000001c5f0000,0x000000001c6f0000)]
  0x000000002b992800 JavaThread "Cache worker for Java compile cache (C:\Users\Hao\.gradle\caches\6.2\javaCompile)" [_thread_blocked, id=2472, stack(0x0000000033fd0000,0x00000000340d0000)]
  0x0000000028e36000 JavaThread "Cache worker for file content cache (C:\Users\Hao\.gradle\caches\6.2\fileContent)" [_thread_blocked, id=10100, stack(0x0000000029b10000,0x0000000029c10000)]
  0x000000001ba19800 JavaThread "Memory manager" [_thread_blocked, id=7580, stack(0x00000000264e0000,0x00000000265e0000)]
  0x000000001a9b7800 JavaThread "Cache worker for execution history cache (C:\Users\Hao\.gradle\caches\6.2\executionHistory)" [_thread_blocked, id=11980, stack(0x000000001fdf0000,0x000000001fef0000)]
  0x00000000169fa800 JavaThread "Cache worker for file hash cache (C:\Users\Hao\.gradle\caches\6.2\fileHashes)" [_thread_blocked, id=13712, stack(0x000000001d2f0000,0x000000001d3f0000)]
  0x00000000169fd800 JavaThread "File lock request listener" [_thread_in_native, id=12616, stack(0x000000001d1f0000,0x000000001d2f0000)]
  0x000000001b1d6000 JavaThread "Cache worker for journal cache (C:\Users\Hao\.gradle\caches\journal-1)" [_thread_blocked, id=4108, stack(0x000000001d0f0000,0x000000001d1f0000)]
  0x000000001b024000 JavaThread "Daemon periodic checks" [_thread_blocked, id=12176, stack(0x000000001c4f0000,0x000000001c5f0000)]
  0x000000001b021000 JavaThread "Incoming local TCP Connector on port 61681" [_thread_in_native, id=13756, stack(0x000000001c2b0000,0x000000001c3b0000)]
  0x000000001afdb000 JavaThread "Daemon health stats" [_thread_blocked, id=7984, stack(0x000000001bc70000,0x000000001bd70000)]
  0x0000000016a5d800 JavaThread "Service Thread" daemon [_thread_blocked, id=748, stack(0x00000000192d0000,0x00000000193d0000)]
  0x00000000169fc800 JavaThread "C1 CompilerThread11" daemon [_thread_blocked, id=6904, stack(0x00000000191d0000,0x00000000192d0000)]
  0x00000000169ff000 JavaThread "C1 CompilerThread10" daemon [_thread_blocked, id=11424, stack(0x00000000190d0000,0x00000000191d0000)]
  0x00000000169fc000 JavaThread "C1 CompilerThread9" daemon [_thread_blocked, id=13816, stack(0x0000000018ed0000,0x0000000018fd0000)]
  0x00000000169f9800 JavaThread "C1 CompilerThread8" daemon [_thread_blocked, id=13180, stack(0x0000000018dd0000,0x0000000018ed0000)]
  0x00000000169e3000 JavaThread "C2 CompilerThread7" daemon [_thread_blocked, id=6592, stack(0x0000000018cd0000,0x0000000018dd0000)]
  0x00000000169c4800 JavaThread "C2 CompilerThread6" daemon [_thread_blocked, id=1004, stack(0x0000000018bd0000,0x0000000018cd0000)]
  0x00000000169a2000 JavaThread "C2 CompilerThread5" daemon [_thread_blocked, id=1772, stack(0x0000000018ad0000,0x0000000018bd0000)]
  0x0000000016984800 JavaThread "C2 CompilerThread4" daemon [_thread_blocked, id=7820, stack(0x00000000189d0000,0x0000000018ad0000)]
  0x000000001697c000 JavaThread "C2 CompilerThread3" daemon [_thread_blocked, id=14196, stack(0x00000000188d0000,0x00000000189d0000)]
  0x0000000016979000 JavaThread "C2 CompilerThread2" daemon [_thread_blocked, id=13256, stack(0x00000000187d0000,0x00000000188d0000)]
  0x0000000016975000 JavaThread "C2 CompilerThread1" daemon [_thread_blocked, id=3820, stack(0x00000000186d0000,0x00000000187d0000)]
  0x0000000016972800 JavaThread "C2 CompilerThread0" daemon [_thread_blocked, id=1568, stack(0x00000000185d0000,0x00000000186d0000)]
  0x0000000016970000 JavaThread "Attach Listener" daemon [_thread_blocked, id=4608, stack(0x00000000184d0000,0x00000000185d0000)]
  0x000000001696d800 JavaThread "Signal Dispatcher" daemon [_thread_blocked, id=8720, stack(0x00000000183d0000,0x00000000184d0000)]
  0x0000000014f02000 JavaThread "Finalizer" daemon [_thread_blocked, id=13480, stack(0x00000000181d0000,0x00000000182d0000)]
  0x0000000016956000 JavaThread "Reference Handler" daemon [_thread_blocked, id=11396, stack(0x00000000180d0000,0x00000000181d0000)]
  0x000000000129e000 JavaThread "main" [_thread_blocked, id=10656, stack(0x0000000002f90000,0x0000000003090000)]

Other Threads:
  0x0000000016933000 VMThread [stack: 0x0000000017fd0000,0x00000000180d0000] [id=3520]
  0x0000000016a3e000 WatcherThread [stack: 0x00000000193d0000,0x00000000194d0000] [id=3220]

=>0x00000000030b5000 (exited) GCTaskThread [stack: 0x0000000012e10000,0x0000000012f10000] [id=7052]

VM state:at safepoint (normal execution)

VM Mutex/Monitor currently owned by a thread:  ([mutex/lock_event])
[0x000000000129d6b0] Threads_lock - owner thread: 0x0000000016933000
[0x000000000129cd30] Heap_lock - owner thread: 0x000000001a6be800

heap address: 0x00000000e0000000, size: 512 MB, Compressed Oops mode: 32-bit
Narrow klass base: 0x0000000000000000, Narrow klass shift: 3
Compressed class space size: 1073741824 Address: 0x0000000100000000

Heap:
 PSYoungGen      total 141312K, used 115711K [0x00000000f5580000, 0x00000000ffb80000, 0x0000000100000000)
  eden space 115712K, 99% used [0x00000000f5580000,0x00000000fc67fff8,0x00000000fc680000)
  from space 25600K, 0% used [0x00000000fe280000,0x00000000fe280000,0x00000000ffb80000)
  to   space 27136K, 0% used [0x00000000fc680000,0x00000000fc680000,0x00000000fe100000)
 ParOldGen       total 349696K, used 349325K [0x00000000e0000000, 0x00000000f5580000, 0x00000000f5580000)
  object space 349696K, 99% used [0x00000000e0000000,0x00000000f55234d8,0x00000000f5580000)
 Metaspace       used 166238K, capacity 175787K, committed 179032K, reserved 1206272K
  class space    used 19990K, capacity 22130K, committed 23168K, reserved 1048576K

Card table byte_map: [0x0000000012550000,0x0000000012660000] byte_map_base: 0x0000000011e50000

Marking Bits: (ParMarkBitMap*) 0x000000006294be90
 Begin Bits: [0x0000000013410000, 0x0000000013c10000)
 End Bits:   [0x0000000013c10000, 0x0000000014410000)

Polling page: 0x0000000001240000

CodeCache: size=245760Kb used=152535Kb max_used=155777Kb free=93224Kb
 bounds [0x0000000003190000, 0x000000000cbc0000, 0x0000000012190000]
 total_blobs=39628 nmethods=38507 adapters=1028
 compilation: enabled

Compilation events (10 events):
Event: 4912.114 Thread 0x00000000169fc000 55253       3       org.gradle.launcher.daemon.registry.DaemonStopEvent$Serializer::read (6 bytes)
Event: 4912.115 Thread 0x00000000169e3000 nmethod 55251 0x000000000a71cad0 code [0x000000000a71cc20, 0x000000000a71cce8]
Event: 4912.455 Thread 0x00000000169a2000 nmethod 55252 0x000000000acdd310 code [0x000000000acdd460, 0x000000000acdd518]
Event: 4912.455 Thread 0x00000000169fc000 nmethod 55253 0x000000000c02fdd0 code [0x000000000c02ff40, 0x000000000c0300e8]
Event: 4912.774 Thread 0x000000001697c000 55254       4       com.android.tools.r8.graph.N::b (57 bytes)
Event: 4914.388 Thread 0x00000000169c4800 55255       4       com.android.tools.r8.graph.N::b (73 bytes)
Event: 4921.715 Thread 0x0000000016979000 55256       4       org.gradle.launcher.daemon.server.health.gc.GarbageCollectionStats::calculateAverageUsage (53 bytes)
Event: 4927.419 Thread 0x0000000016979000 nmethod 55256 0x000000000ab1abd0 code [0x000000000ab1ad80, 0x000000000ab1b3f8]
Event: 4929.019 Thread 0x00000000169ff000 55257       3       org.gradle.internal.serialize.OutputStreamBackedEncoder::writeLong (9 bytes)
Event: 4929.653 Thread 0x00000000169ff000 nmethod 55257 0x00000000087dfc10 code [0x00000000087dfd80, 0x00000000087dff88]

GC Heap History (10 events):
Event: 4989.891 GC heap after
Heap after GC invocations=832 (full 522):
 PSYoungGen      total 141312K, used 115711K [0x00000000f5580000, 0x00000000ffb80000, 0x0000000100000000)
  eden space 115712K, 99% used [0x00000000f5580000,0x00000000fc67ffe0,0x00000000fc680000)
  from space 25600K, 0% used [0x00000000fe280000,0x00000000fe280000,0x00000000ffb80000)
  to   space 27136K, 0% used [0x00000000fc680000,0x00000000fc680000,0x00000000fe100000)
 ParOldGen       total 349696K, used 349324K [0x00000000e0000000, 0x00000000f5580000, 0x00000000f5580000)
  object space 349696K, 99% used [0x00000000e0000000,0x00000000f55231a8,0x00000000f5580000)
 Metaspace       used 166238K, capacity 175787K, committed 179032K, reserved 1206272K
  class space    used 19990K, capacity 22130K, committed 23168K, reserved 1048576K
}
Event: 4989.891 GC heap before
{Heap before GC invocations=833 (full 523):
 PSYoungGen      total 141312K, used 115711K [0x00000000f5580000, 0x00000000ffb80000, 0x0000000100000000)
  eden space 115712K, 99% used [0x00000000f5580000,0x00000000fc67fff8,0x00000000fc680000)
  from space 25600K, 0% used [0x00000000fe280000,0x00000000fe280000,0x00000000ffb80000)
  to   space 27136K, 0% used [0x00000000fc680000,0x00000000fc680000,0x00000000fe100000)
 ParOldGen       total 349696K, used 349326K [0x00000000e0000000, 0x00000000f5580000, 0x00000000f5580000)
  object space 349696K, 99% used [0x00000000e0000000,0x00000000f5523a18,0x00000000f5580000)
 Metaspace       used 166238K, capacity 175787K, committed 179032K, reserved 1206272K
  class space    used 19990K, capacity 22130K, committed 23168K, reserved 1048576K
Event: 4990.205 GC heap after
Heap after GC invocations=833 (full 523):
 PSYoungGen      total 141312K, used 115711K [0x00000000f5580000, 0x00000000ffb80000, 0x0000000100000000)
  eden space 115712K, 99% used [0x00000000f5580000,0x00000000fc67feb0,0x00000000fc680000)
  from space 25600K, 0% used [0x00000000fe280000,0x00000000fe280000,0x00000000ffb80000)
  to   space 27136K, 0% used [0x00000000fc680000,0x00000000fc680000,0x00000000fe100000)
 ParOldGen       total 349696K, used 349325K [0x00000000e0000000, 0x00000000f5580000, 0x00000000f5580000)
  object space 349696K, 99% used [0x00000000e0000000,0x00000000f5523548,0x00000000f5580000)
 Metaspace       used 166238K, capacity 175787K, committed 179032K, reserved 1206272K
  class space    used 19990K, capacity 22130K, committed 23168K, reserved 1048576K
}
Event: 4990.206 GC heap before
{Heap before GC invocations=834 (full 524):
 PSYoungGen      total 141312K, used 115712K [0x00000000f5580000, 0x00000000ffb80000, 0x0000000100000000)
  eden space 115712K, 100% used [0x00000000f5580000,0x00000000fc680000,0x00000000fc680000)
  from space 25600K, 0% used [0x00000000fe280000,0x00000000fe280000,0x00000000ffb80000)
  to   space 27136K, 0% used [0x00000000fc680000,0x00000000fc680000,0x00000000fe100000)
 ParOldGen       total 349696K, used 349325K [0x00000000e0000000, 0x00000000f5580000, 0x00000000f5580000)
  object space 349696K, 99% used [0x00000000e0000000,0x00000000f5523548,0x00000000f5580000)
 Metaspace       used 166238K, capacity 175787K, committed 179032K, reserved 1206272K
  class space    used 19990K, capacity 22130K, committed 23168K, reserved 1048576K
Event: 4990.512 GC heap after
Heap after GC invocations=834 (full 524):
 PSYoungGen      total 141312K, used 115711K [0x00000000f5580000, 0x00000000ffb80000, 0x0000000100000000)
  eden space 115712K, 99% used [0x00000000f5580000,0x00000000fc67ff00,0x00000000fc680000)
  from space 25600K, 0% used [0x00000000fe280000,0x00000000fe280000,0x00000000ffb80000)
  to   space 27136K, 0% used [0x00000000fc680000,0x00000000fc680000,0x00000000fe100000)
 ParOldGen       total 349696K, used 349325K [0x00000000e0000000, 0x00000000f5580000, 0x00000000f5580000)
  object space 349696K, 99% used [0x00000000e0000000,0x00000000f55234f8,0x00000000f5580000)
 Metaspace       used 166238K, capacity 175787K, committed 179032K, reserved 1206272K
  class space    used 19990K, capacity 22130K, committed 23168K, reserved 1048576K
}
Event: 4990.512 GC heap before
{Heap before GC invocations=835 (full 525):
 PSYoungGen      total 141312K, used 115712K [0x00000000f5580000, 0x00000000ffb80000, 0x0000000100000000)
  eden space 115712K, 100% used [0x00000000f5580000,0x00000000fc680000,0x00000000fc680000)
  from space 25600K, 0% used [0x00000000fe280000,0x00000000fe280000,0x00000000ffb80000)
  to   space 27136K, 0% used [0x00000000fc680000,0x00000000fc680000,0x00000000fe100000)
 ParOldGen       total 349696K, used 349325K [0x00000000e0000000, 0x00000000f5580000, 0x00000000f5580000)
  object space 349696K, 99% used [0x00000000e0000000,0x00000000f55234f8,0x00000000f5580000)
 Metaspace       used 166238K, capacity 175787K, committed 179032K, reserved 1206272K
  class space    used 19990K, capacity 22130K, committed 23168K, reserved 1048576K
Event: 4990.827 GC heap after
Heap after GC invocations=835 (full 525):
 PSYoungGen      total 141312K, used 115711K [0x00000000f5580000, 0x00000000ffb80000, 0x0000000100000000)
  eden space 115712K, 99% used [0x00000000f5580000,0x00000000fc67ff58,0x00000000fc680000)
  from space 25600K, 0% used [0x00000000fe280000,0x00000000fe280000,0x00000000ffb80000)
  to   space 27136K, 0% used [0x00000000fc680000,0x00000000fc680000,0x00000000fe100000)
 ParOldGen       total 349696K, used 349325K [0x00000000e0000000, 0x00000000f5580000, 0x00000000f5580000)
  object space 349696K, 99% used [0x00000000e0000000,0x00000000f55234d8,0x00000000f5580000)
 Metaspace       used 166238K, capacity 175787K, committed 179032K, reserved 1206272K
  class space    used 19990K, capacity 22130K, committed 23168K, reserved 1048576K
}
Event: 4990.827 GC heap before
{Heap before GC invocations=836 (full 526):
 PSYoungGen      total 141312K, used 115712K [0x00000000f5580000, 0x00000000ffb80000, 0x0000000100000000)
  eden space 115712K, 100% used [0x00000000f5580000,0x00000000fc680000,0x00000000fc680000)
  from space 25600K, 0% used [0x00000000fe280000,0x00000000fe280000,0x00000000ffb80000)
  to   space 27136K, 0% used [0x00000000fc680000,0x00000000fc680000,0x00000000fe100000)
 ParOldGen       total 349696K, used 349325K [0x00000000e0000000, 0x00000000f5580000, 0x00000000f5580000)
  object space 349696K, 99% used [0x00000000e0000000,0x00000000f55234d8,0x00000000f5580000)
 Metaspace       used 166238K, capacity 175787K, committed 179032K, reserved 1206272K
  class space    used 19990K, capacity 22130K, committed 23168K, reserved 1048576K
Event: 4991.139 GC heap after
Heap after GC invocations=836 (full 526):
 PSYoungGen      total 141312K, used 115711K [0x00000000f5580000, 0x00000000ffb80000, 0x0000000100000000)
  eden space 115712K, 99% used [0x00000000f5580000,0x00000000fc67ff98,0x00000000fc680000)
  from space 25600K, 0% used [0x00000000fe280000,0x00000000fe280000,0x00000000ffb80000)
  to   space 27136K, 0% used [0x00000000fc680000,0x00000000fc680000,0x00000000fe100000)
 ParOldGen       total 349696K, used 349325K [0x00000000e0000000, 0x00000000f5580000, 0x00000000f5580000)
  object space 349696K, 99% used [0x00000000e0000000,0x00000000f55234d8,0x00000000f5580000)
 Metaspace       used 166238K, capacity 175787K, committed 179032K, reserved 1206272K
  class space    used 19990K, capacity 22130K, committed 23168K, reserved 1048576K
}
Event: 4991.139 GC heap before
{Heap before GC invocations=837 (full 527):
 PSYoungGen      total 141312K, used 115711K [0x00000000f5580000, 0x00000000ffb80000, 0x0000000100000000)
  eden space 115712K, 99% used [0x00000000f5580000,0x00000000fc67fff8,0x00000000fc680000)
  from space 25600K, 0% used [0x00000000fe280000,0x00000000fe280000,0x00000000ffb80000)
  to   space 27136K, 0% used [0x00000000fc680000,0x00000000fc680000,0x00000000fe100000)
 ParOldGen       total 349696K, used 349325K [0x00000000e0000000, 0x00000000f5580000, 0x00000000f5580000)
  object space 349696K, 99% used [0x00000000e0000000,0x00000000f55234d8,0x00000000f5580000)
 Metaspace       used 166238K, capacity 175787K, committed 179032K, reserved 1206272K
  class space    used 19990K, capacity 22130K, committed 23168K, reserved 1048576K

Deoptimization events (10 events):
Event: 4884.893 Thread 0x000000001a6b8800 Uncommon trap: reason=class_check action=maybe_recompile pc=0x000000000945c478 method=org.gradle.api.internal.artifacts.transform.DefaultTransformationNodeRegistry.getIfExecuted(Lorg/gradle/api/artifacts/component/ComponentArtifactIdentifier;Lorg/gradle/a
Event: 4884.893 Thread 0x000000001a6b8800 Uncommon trap: reason=class_check action=maybe_recompile pc=0x0000000009468a18 method=org.gradle.api.internal.artifacts.transform.DefaultTransformationNodeRegistry.getIfExecuted(Lorg/gradle/api/artifacts/component/ComponentArtifactIdentifier;Lorg/gradle/a
Event: 4884.893 Thread 0x000000001a6b8800 Uncommon trap: reason=class_check action=maybe_recompile pc=0x00000000094648c0 method=org.gradle.api.internal.artifacts.transform.DefaultTransformationNodeRegistry.getIfExecuted(Lorg/gradle/api/artifacts/component/ComponentArtifactIdentifier;Lorg/gradle/a
Event: 4892.639 Thread 0x000000001a6be800 Uncommon trap: reason=speculate_class_check action=maybe_recompile pc=0x000000000a133e34 method=com.android.tools.r8.ir.analysis.type.TypeLatticeElement.a(Lcom/android/tools/r8/ir/analysis/type/TypeLatticeElement;Lcom/android/tools/r8/graph/AppView;)Lcom/
Event: 4903.252 Thread 0x000000001a6be800 Uncommon trap: reason=bimorphic action=maybe_recompile pc=0x000000000c7477c4 method=java.util.HashMap$TreeNode.find(ILjava/lang/Object;Ljava/lang/Class;)Ljava/util/HashMap$TreeNode; @ 68
Event: 4903.252 Thread 0x000000001a6be800 Uncommon trap: reason=bimorphic action=maybe_recompile pc=0x000000000c7477c4 method=java.util.HashMap$TreeNode.find(ILjava/lang/Object;Ljava/lang/Class;)Ljava/util/HashMap$TreeNode; @ 68
Event: 4903.252 Thread 0x000000001a6be800 Uncommon trap: reason=bimorphic action=maybe_recompile pc=0x000000000c7477c4 method=java.util.HashMap$TreeNode.find(ILjava/lang/Object;Ljava/lang/Class;)Ljava/util/HashMap$TreeNode; @ 68
Event: 4903.252 Thread 0x000000001a6be800 Uncommon trap: reason=bimorphic action=maybe_recompile pc=0x000000000c7477c4 method=java.util.HashMap$TreeNode.find(ILjava/lang/Object;Ljava/lang/Class;)Ljava/util/HashMap$TreeNode; @ 68
Event: 4905.345 Thread 0x000000001a6be800 Uncommon trap: reason=class_check action=maybe_recompile pc=0x000000000be042e8 method=java.util.HashMap$TreeNode.putTreeVal(Ljava/util/HashMap;[Ljava/util/HashMap$Node;ILjava/lang/Object;Ljava/lang/Object;)Ljava/util/HashMap$TreeNode; @ 236
Event: 4908.736 Thread 0x000000001a6be800 Uncommon trap: reason=unstable_if action=reinterpret pc=0x000000000bbf6848 method=com.android.tools.r8.graph.DexDebugEvent$Default.equals(Ljava/lang/Object;)Z @ 18

Classes redefined (0 events):
No events

Internal exceptions (10 events):
Event: 4875.514 Thread 0x000000001ba16800 Exception <a 'sun/nio/fs/WindowsException'> (0x00000000f95ac1c0) thrown at [C:\cygwin64\tmp\build\source\java-1.8.0-openjdk\tmp\jdk8u\hotspot\src\share\vm\prims\jni.cpp, line 711]
Event: 4875.514 Thread 0x000000001ba16800 Exception <a 'sun/nio/fs/WindowsException'> (0x00000000f95acff8) thrown at [C:\cygwin64\tmp\build\source\java-1.8.0-openjdk\tmp\jdk8u\hotspot\src\share\vm\prims\jni.cpp, line 711]
Event: 4875.516 Thread 0x000000001ba16800 Exception <a 'sun/nio/fs/WindowsException'> (0x00000000f95b5ef8) thrown at [C:\cygwin64\tmp\build\source\java-1.8.0-openjdk\tmp\jdk8u\hotspot\src\share\vm\prims\jni.cpp, line 711]
Event: 4875.518 Thread 0x000000001ba16800 Exception <a 'sun/nio/fs/WindowsException'> (0x00000000f95bbe80) thrown at [C:\cygwin64\tmp\build\source\java-1.8.0-openjdk\tmp\jdk8u\hotspot\src\share\vm\prims\jni.cpp, line 711]
Event: 4876.603 Thread 0x000000001a6c3000 Exception <a 'sun/nio/fs/WindowsException'> (0x00000000fac8f9e8) thrown at [C:\cygwin64\tmp\build\source\java-1.8.0-openjdk\tmp\jdk8u\hotspot\src\share\vm\prims\jni.cpp, line 711]
Event: 4877.514 Thread 0x00000000195c4000 Implicit null exception at 0x000000000c1d3ac1 to 0x000000000c1d504d
Event: 4877.514 Thread 0x00000000195bf000 Implicit null exception at 0x0000000009070490 to 0x0000000009070525
Event: 4877.514 Thread 0x00000000195c4000 Implicit null exception at 0x0000000009070490 to 0x0000000009070525
Event: 4877.514 Thread 0x00000000195c8800 Implicit null exception at 0x00000000098a4df0 to 0x00000000098a4e4b
Event: 4877.514 Thread 0x0000000027d89800 Implicit null exception at 0x00000000098a4df0 to 0x00000000098a4e4b

Events (10 events):
Event: 4989.891 Executing VM operation: ParallelGCFailedAllocation done
Event: 4989.891 Executing VM operation: ParallelGCFailedAllocation
Event: 4990.206 Executing VM operation: ParallelGCFailedAllocation done
Event: 4990.206 Executing VM operation: ParallelGCFailedAllocation
Event: 4990.512 Executing VM operation: ParallelGCFailedAllocation done
Event: 4990.512 Executing VM operation: ParallelGCFailedAllocation
Event: 4990.827 Executing VM operation: ParallelGCFailedAllocation done
Event: 4990.827 Executing VM operation: ParallelGCFailedAllocation
Event: 4991.139 Executing VM operation: ParallelGCFailedAllocation done
Event: 4991.139 Executing VM operation: ParallelGCFailedAllocation


Dynamic libraries:
0x00007ff728a50000 - 0x00007ff728a85000 	C:\Program Files\OpenJDK\openjdk-8u262-b10\bin\java.exe
0x00007ffb51450000 - 0x00007ffb51644000 	C:\Windows\SYSTEM32\ntdll.dll
0x00007ffb50a80000 - 0x00007ffb50b3d000 	C:\Windows\System32\KERNEL32.DLL
0x00007ffb4ebd0000 - 0x00007ffb4ee97000 	C:\Windows\System32\KERNELBASE.dll
0x00007ffb50970000 - 0x00007ffb50a1a000 	C:\Windows\System32\ADVAPI32.dll
0x00007ffb51370000 - 0x00007ffb5140e000 	C:\Windows\System32\msvcrt.dll
0x00007ffb50450000 - 0x00007ffb504eb000 	C:\Windows\System32\sechost.dll
0x00007ffb4fbe0000 - 0x00007ffb4fd03000 	C:\Windows\System32\RPCRT4.dll
0x00007ffb4f510000 - 0x00007ffb4f6b0000 	C:\Windows\System32\USER32.dll
0x00007ffb4f110000 - 0x00007ffb4f132000 	C:\Windows\System32\win32u.dll
0x00007ffb50ca0000 - 0x00007ffb50cca000 	C:\Windows\System32\GDI32.dll
0x00007ffb4f3b0000 - 0x00007ffb4f4ba000 	C:\Windows\System32\gdi32full.dll
0x00007ffb4f2c0000 - 0x00007ffb4f35d000 	C:\Windows\System32\msvcp_win.dll
0x00007ffb4f1c0000 - 0x00007ffb4f2c0000 	C:\Windows\System32\ucrtbase.dll
0x00007ffb3c040000 - 0x00007ffb3c2da000 	C:\Windows\WinSxS\amd64_microsoft.windows.common-controls_6595b64144ccf1df_6.0.19041.1_none_b555e41d4684ddec\COMCTL32.dll
0x00007ffb4f4e0000 - 0x00007ffb4f510000 	C:\Windows\System32\IMM32.DLL
0x0000000064410000 - 0x00000000644e2000 	C:\Program Files\OpenJDK\openjdk-8u262-b10\jre\bin\msvcr100.dll
0x00000000621a0000 - 0x00000000629c8000 	C:\Program Files\OpenJDK\openjdk-8u262-b10\jre\bin\server\jvm.dll
0x00007ffb50cd0000 - 0x00007ffb50cd8000 	C:\Windows\System32\PSAPI.DLL
0x00007ffb450a0000 - 0x00007ffb450c7000 	C:\Windows\SYSTEM32\WINMM.dll
0x00007ffb493e0000 - 0x00007ffb493e9000 	C:\Windows\SYSTEM32\WSOCK32.dll
0x00007ffb46c20000 - 0x00007ffb46c2a000 	C:\Windows\SYSTEM32\VERSION.dll
0x00007ffb50720000 - 0x00007ffb5078b000 	C:\Windows\System32\WS2_32.dll
0x00007ffb49400000 - 0x00007ffb4940f000 	C:\Program Files\OpenJDK\openjdk-8u262-b10\jre\bin\verify.dll
0x00007ffb39ae0000 - 0x00007ffb39b09000 	C:\Program Files\OpenJDK\openjdk-8u262-b10\jre\bin\java.dll
0x00007ffb3d530000 - 0x00007ffb3d546000 	C:\Program Files\OpenJDK\openjdk-8u262-b10\jre\bin\zip.dll
0x00007ffb4fd10000 - 0x00007ffb50445000 	C:\Windows\System32\SHELL32.dll
0x00007ffb4cd10000 - 0x00007ffb4d49f000 	C:\Windows\SYSTEM32\windows.storage.dll
0x00007ffb51010000 - 0x00007ffb51363000 	C:\Windows\System32\combase.dll
0x00007ffb4e480000 - 0x00007ffb4e4ab000 	C:\Windows\SYSTEM32\Wldp.dll
0x00007ffb4f6b0000 - 0x00007ffb4f75e000 	C:\Windows\System32\SHCORE.dll
0x00007ffb50a20000 - 0x00007ffb50a75000 	C:\Windows\System32\shlwapi.dll
0x00007ffb4eae0000 - 0x00007ffb4eaff000 	C:\Windows\SYSTEM32\profapi.dll
0x00007ffb39f70000 - 0x00007ffb39f8a000 	C:\Program Files\OpenJDK\openjdk-8u262-b10\jre\bin\net.dll
0x00007ffb4e270000 - 0x00007ffb4e2da000 	C:\Windows\system32\mswsock.dll
0x00007ffb39ac0000 - 0x00007ffb39ad2000 	C:\Program Files\OpenJDK\openjdk-8u262-b10\jre\bin\nio.dll
0x00007ffb39a50000 - 0x00007ffb39a7a000 	C:\Users\Hao\.gradle\native\36\windows-amd64\native-platform.dll
0x00007ffb38c60000 - 0x00007ffb38c6d000 	C:\Program Files\OpenJDK\openjdk-8u262-b10\jre\bin\management.dll
0x00007ffb4e4c0000 - 0x00007ffb4e4d8000 	C:\Windows\SYSTEM32\CRYPTSP.dll
0x00007ffb4dc20000 - 0x00007ffb4dc54000 	C:\Windows\system32\rsaenh.dll
0x00007ffb4eba0000 - 0x00007ffb4ebc7000 	C:\Windows\System32\bcrypt.dll
0x00007ffb4ea60000 - 0x00007ffb4ea8e000 	C:\Windows\SYSTEM32\USERENV.dll
0x00007ffb4f140000 - 0x00007ffb4f1bf000 	C:\Windows\System32\bcryptprimitives.dll
0x00007ffb4e3f0000 - 0x00007ffb4e3fc000 	C:\Windows\SYSTEM32\CRYPTBASE.dll
0x00007ffb4df80000 - 0x00007ffb4dfbb000 	C:\Windows\SYSTEM32\IPHLPAPI.DLL
0x00007ffb4fbd0000 - 0x00007ffb4fbd9000 	C:\Windows\System32\NSI.dll
0x00007ffb49430000 - 0x00007ffb49447000 	C:\Windows\SYSTEM32\dhcpcsvc6.DLL
0x00007ffb493b0000 - 0x00007ffb493cd000 	C:\Windows\SYSTEM32\dhcpcsvc.DLL
0x00007ffb4dfc0000 - 0x00007ffb4e08a000 	C:\Windows\SYSTEM32\DNSAPI.dll
0x00007ffb39a90000 - 0x00007ffb39ab4000 	C:\Program Files\OpenJDK\openjdk-8u262-b10\jre\bin\sunec.dll
0x00007ffb46c10000 - 0x00007ffb46c1a000 	C:\Windows\System32\rasadhlp.dll
0x00007ffb47fa0000 - 0x00007ffb4801f000 	C:\Windows\System32\fwpuclnt.dll
0x00007ffb39ee0000 - 0x00007ffb39eec000 	C:\Program Files\OpenJDK\openjdk-8u262-b10\jre\bin\sunmscapi.dll
0x00007ffb4ef50000 - 0x00007ffb4f0ad000 	C:\Windows\System32\CRYPT32.dll
0x00007ffb4e620000 - 0x00007ffb4e647000 	C:\Windows\SYSTEM32\ncrypt.dll
0x00007ffb4e5e0000 - 0x00007ffb4e61b000 	C:\Windows\SYSTEM32\NTASN1.dll
0x00007ffb4d8d0000 - 0x00007ffb4d903000 	C:\Windows\SYSTEM32\ntmarta.dll
0x00007ffb4c490000 - 0x00007ffb4c520000 	C:\Windows\system32\apphelp.dll
0x00007ffb23190000 - 0x00007ffb23328000 	C:\Program Files\OpenJDK\openjdk-8u262-b10\jre\bin\awt.dll
0x00007ffb50bd0000 - 0x00007ffb50c9d000 	C:\Windows\System32\OLEAUT32.dll
0x00007ffb4c820000 - 0x00007ffb4c84e000 	C:\Windows\system32\DWMAPI.DLL
0x00007ffb4c630000 - 0x00007ffb4c6cf000 	C:\Windows\system32\uxtheme.dll
0x00007ffb3cb40000 - 0x00007ffb3cb5e000 	C:\Users\Hao\AppData\Local\Temp\native-platform991833450550297710dir\native-platform.dll
0x00007ffb3c7c0000 - 0x00007ffb3c9a4000 	C:\Windows\SYSTEM32\dbghelp.dll

VM Arguments:
jvm_args: -XX:MaxMetaspaceSize=256m -XX:+HeapDumpOnOutOfMemoryError -Xms256m -Xmx512m -Dfile.encoding=windows-1252 -Duser.country=US -Duser.language=en -Duser.variant 
java_command: org.gradle.launcher.daemon.bootstrap.GradleDaemon 6.2
java_class_path (initial): C:\Users\Hao\.gradle\wrapper\dists\gradle-6.2-all\dvufqs6kielxeao781pmk5huj\gradle-6.2\lib\gradle-launcher-6.2.jar
Launcher Type: SUN_STANDARD

Environment Variables:
JAVA_HOME=C:\Program Files\OpenJDK\openjdk-8u262-b10
CLASSPATH=C:\Users\Hao\Documents\GitHub\vov_media_app\android\\gradle\wrapper\gradle-wrapper.jar
PATH=C:\Python27\;C:\Python27\Scripts;C:\Windows\system32;C:\Windows;C:\Windows\System32\Wbem;C:\Windows\System32\WindowsPowerShell\v1.0\;C:\Windows\System32\OpenSSH\;C:\Program Files (x86)\NVIDIA Corporation\PhysX\Common;C:\ProgramData\chocolatey\bin;C:\Program Files\nodejs\;C:\Program Files\OpenJDK\openjdk-8u262-b10\bin;C:\Users\Hao\AppData\Local\Android\Sdk\platform-tools;C:\Program Files\Git\cmd;C:\Users\Hao\AppData\Local\Programs\Python\Python36\Scripts\;C:\Users\Hao\AppData\Local\Programs\Python\Python36\;C:\Users\Hao\AppData\Local\Microsoft\WindowsApps;C:\Users\Hao\AppData\Local\Programs\Microsoft VS Code\bin;C:\Users\Hao\AppData\Local\GitHubDesktop\bin;C:\Users\Hao\AppData\Roaming\npm;C:\Users\Hao\AppData\Local\Android\Sdk\platform-tools;
USERNAME=Hao
OS=Windows_NT
PROCESSOR_IDENTIFIER=AMD64 Family 23 Model 1 Stepping 1, AuthenticAMD



---------------  S Y S T E M  ---------------

OS: Windows 10.0 , 64 bit Build 19041 (10.0.19041.292)

CPU:total 16 (initial active 16) (16 cores per cpu, 1 threads per core) family 23 model 1 stepping 1, cmov, cx8, fxsr, mmx, sse, sse2, sse3, ssse3, sse4.1, sse4.2, popcnt, avx, avx2, aes, clmul, mmxext, 3dnowpref, lzcnt, sse4a, tsc, tscinvbit, tscinv, bmi1

Memory: 4k page, physical 33504196k(23219148k free), swap 38747076k(25931444k free)

vm_info: OpenJDK 64-Bit Server VM (25.262-b10) for windows-amd64 JRE (1.8.0_262-b10), built on Jul 13 2020 11:27:33 by "build" with MS VC++ 10.0 (VS2010)

time: Sun Aug 09 21:25:52 2020
timezone: SE Asia Standard Time
elapsed time: 4991 seconds (0d 1h 23m 11s)

